This file contains any messages produced by compilers while
running configure, to aid debugging if configure makes a mistake.

It was created by configure, which was
generated by GNU Autoconf 2.69.  Invocation command line was

  $ ./configure --prefix=/home/a.das/Projects/build/swtpm

## --------- ##
## Platform. ##
## --------- ##

hostname = adas-wsl
uname -m = x86_64
uname -r = 4.4.0-112-generic
uname -s = Linux
uname -v = #135-Ubuntu SMP Fri Jan 19 11:48:36 UTC 2018

/usr/bin/uname -p = unknown
/bin/uname -X     = unknown

/bin/arch              = unknown
/usr/bin/arch -k       = unknown
/usr/convex/getsysinfo = unknown
/usr/bin/hostinfo      = unknown
/bin/machine           = unknown
/usr/bin/oslevel       = unknown
/bin/universe          = unknown

PATH: /usr/local/go/bin
PATH: /home/a.das/Projects/bin
PATH: /home/a.das/bin
PATH: /home/a.das/.local/bin
PATH: /usr/local/sbin
PATH: /usr/local/bin
PATH: /usr/sbin
PATH: /usr/bin
PATH: /sbin
PATH: /bin
PATH: /usr/games
PATH: /usr/local/games
PATH: /snap/bin
PATH: /opt/puppetlabs/bin


## ----------- ##
## Core tests. ##
## ----------- ##

configure:2348: checking for a BSD-compatible install
configure:2416: result: /usr/bin/install -c
configure:2427: checking whether build environment is sane
configure:2482: result: yes
configure:2633: checking for a thread-safe mkdir -p
configure:2672: result: /bin/mkdir -p
configure:2679: checking for gawk
configure:2709: result: no
configure:2679: checking for mawk
configure:2695: found /usr/bin/mawk
configure:2706: result: mawk
configure:2717: checking whether make sets $(MAKE)
configure:2739: result: yes
configure:2768: checking whether make supports nested variables
configure:2785: result: yes
configure:2920: checking for gawk
configure:2947: result: mawk
configure:3006: checking for gcc
configure:3022: found /usr/bin/gcc
configure:3033: result: gcc
configure:3262: checking for C compiler version
configure:3271: gcc --version >&5
gcc (Ubuntu 5.4.0-6ubuntu1~16.04.9) 5.4.0 20160609
Copyright (C) 2015 Free Software Foundation, Inc.
This is free software; see the source for copying conditions.  There is NO
warranty; not even for MERCHANTABILITY or FITNESS FOR A PARTICULAR PURPOSE.

configure:3282: $? = 0
configure:3271: gcc -v >&5
Using built-in specs.
COLLECT_GCC=gcc
COLLECT_LTO_WRAPPER=/usr/lib/gcc/x86_64-linux-gnu/5/lto-wrapper
Target: x86_64-linux-gnu
Configured with: ../src/configure -v --with-pkgversion='Ubuntu 5.4.0-6ubuntu1~16.04.9' --with-bugurl=file:///usr/share/doc/gcc-5/README.Bugs --enable-languages=c,ada,c++,java,go,d,fortran,objc,obj-c++ --prefix=/usr --program-suffix=-5 --enable-shared --enable-linker-build-id --libexecdir=/usr/lib --without-included-gettext --enable-threads=posix --libdir=/usr/lib --enable-nls --with-sysroot=/ --enable-clocale=gnu --enable-libstdcxx-debug --enable-libstdcxx-time=yes --with-default-libstdcxx-abi=new --enable-gnu-unique-object --disable-vtable-verify --enable-libmpx --enable-plugin --with-system-zlib --disable-browser-plugin --enable-java-awt=gtk --enable-gtk-cairo --with-java-home=/usr/lib/jvm/java-1.5.0-gcj-5-amd64/jre --enable-java-home --with-jvm-root-dir=/usr/lib/jvm/java-1.5.0-gcj-5-amd64 --with-jvm-jar-dir=/usr/lib/jvm-exports/java-1.5.0-gcj-5-amd64 --with-arch-directory=amd64 --with-ecj-jar=/usr/share/java/eclipse-ecj.jar --enable-objc-gc --enable-multiarch --disable-werror --with-arch-32=i686 --with-abi=m64 --with-multilib-list=m32,m64,mx32 --enable-multilib --with-tune=generic --enable-checking=release --build=x86_64-linux-gnu --host=x86_64-linux-gnu --target=x86_64-linux-gnu
Thread model: posix
gcc version 5.4.0 20160609 (Ubuntu 5.4.0-6ubuntu1~16.04.9) 
configure:3282: $? = 0
configure:3271: gcc -V >&5
gcc: error: unrecognized command line option '-V'
gcc: fatal error: no input files
compilation terminated.
configure:3282: $? = 1
configure:3271: gcc -qversion >&5
gcc: error: unrecognized command line option '-qversion'
gcc: fatal error: no input files
compilation terminated.
configure:3282: $? = 1
configure:3302: checking whether the C compiler works
configure:3324: gcc    conftest.c  >&5
configure:3328: $? = 0
configure:3376: result: yes
configure:3379: checking for C compiler default output file name
configure:3381: result: a.out
configure:3387: checking for suffix of executables
configure:3394: gcc -o conftest    conftest.c  >&5
configure:3398: $? = 0
configure:3420: result: 
configure:3442: checking whether we are cross compiling
configure:3450: gcc -o conftest    conftest.c  >&5
configure:3454: $? = 0
configure:3461: ./conftest
configure:3465: $? = 0
configure:3480: result: no
configure:3485: checking for suffix of object files
configure:3507: gcc -c   conftest.c >&5
configure:3511: $? = 0
configure:3532: result: o
configure:3536: checking whether we are using the GNU C compiler
configure:3555: gcc -c   conftest.c >&5
configure:3555: $? = 0
configure:3564: result: yes
configure:3573: checking whether gcc accepts -g
configure:3593: gcc -c -g  conftest.c >&5
configure:3593: $? = 0
configure:3634: result: yes
configure:3651: checking for gcc option to accept ISO C89
configure:3714: gcc  -c -g -O2  conftest.c >&5
configure:3714: $? = 0
configure:3727: result: none needed
configure:3752: checking whether gcc understands -c and -o together
configure:3774: gcc -c conftest.c -o conftest2.o
configure:3777: $? = 0
configure:3774: gcc -c conftest.c -o conftest2.o
configure:3777: $? = 0
configure:3789: result: yes
configure:3817: checking for style of include used by make
configure:3845: result: GNU
configure:3871: checking dependency style of gcc
configure:3982: result: gcc3
configure:3998: checking whether ln -s works
configure:4002: result: yes
configure:4038: checking build system type
configure:4052: result: x86_64-pc-linux-gnu
configure:4072: checking host system type
configure:4085: result: x86_64-pc-linux-gnu
configure:4126: checking how to print strings
configure:4153: result: printf
configure:4174: checking for a sed that does not truncate output
configure:4238: result: /bin/sed
configure:4256: checking for grep that handles long lines and -e
configure:4314: result: /bin/grep
configure:4319: checking for egrep
configure:4381: result: /bin/grep -E
configure:4386: checking for fgrep
configure:4448: result: /bin/grep -F
configure:4483: checking for ld used by gcc
configure:4550: result: /usr/bin/ld
configure:4557: checking if the linker (/usr/bin/ld) is GNU ld
configure:4572: result: yes
configure:4584: checking for BSD- or MS-compatible name lister (nm)
configure:4638: result: /usr/bin/nm -B
configure:4768: checking the name lister (/usr/bin/nm -B) interface
configure:4775: gcc -c -g -O2  conftest.c >&5
configure:4778: /usr/bin/nm -B "conftest.o"
configure:4781: output
0000000000000000 B some_variable
configure:4788: result: BSD nm
configure:4792: checking the maximum length of command line arguments
configure:4923: result: 1572864
configure:4971: checking how to convert x86_64-pc-linux-gnu file names to x86_64-pc-linux-gnu format
configure:5011: result: func_convert_file_noop
configure:5018: checking how to convert x86_64-pc-linux-gnu file names to toolchain format
configure:5038: result: func_convert_file_noop
configure:5045: checking for /usr/bin/ld option to reload object files
configure:5052: result: -r
configure:5126: checking for objdump
configure:5142: found /usr/bin/objdump
configure:5153: result: objdump
configure:5185: checking how to recognize dependent libraries
configure:5385: result: pass_all
configure:5470: checking for dlltool
configure:5500: result: no
configure:5530: checking how to associate runtime and link libraries
configure:5557: result: printf %s\n
configure:5618: checking for ar
configure:5634: found /usr/bin/ar
configure:5645: result: ar
configure:5682: checking for archiver @FILE support
configure:5699: gcc -c -g -O2  conftest.c >&5
configure:5699: $? = 0
configure:5702: ar cru libconftest.a @conftest.lst >&5
ar: `u' modifier ignored since `D' is the default (see `U')
configure:5705: $? = 0
configure:5710: ar cru libconftest.a @conftest.lst >&5
ar: `u' modifier ignored since `D' is the default (see `U')
ar: conftest.o: No such file or directory
configure:5713: $? = 1
configure:5725: result: @
configure:5783: checking for strip
configure:5799: found /usr/bin/strip
configure:5810: result: strip
configure:5882: checking for ranlib
configure:5898: found /usr/bin/ranlib
configure:5909: result: ranlib
configure:6011: checking command to parse /usr/bin/nm -B output from gcc object
configure:6164: gcc -c -g -O2  conftest.c >&5
configure:6167: $? = 0
configure:6171: /usr/bin/nm -B conftest.o \| sed -n -e 's/^.*[ ]\([ABCDGIRSTW][ABCDGIRSTW]*\)[ ][ ]*\([_A-Za-z][_A-Za-z0-9]*\)$/\1 \2 \2/p' | sed '/ __gnu_lto/d' \> conftest.nm
configure:6174: $? = 0
configure:6240: gcc -o conftest -g -O2   conftest.c conftstm.o >&5
configure:6243: $? = 0
configure:6281: result: ok
configure:6328: checking for sysroot
configure:6358: result: no
configure:6365: checking for a working dd
configure:6403: result: /bin/dd
configure:6407: checking how to truncate binary pipes
configure:6422: result: /bin/dd bs=4096 count=1
configure:6558: gcc -c -g -O2  conftest.c >&5
configure:6561: $? = 0
configure:6751: checking for mt
configure:6767: found /bin/mt
configure:6778: result: mt
configure:6801: checking if mt is a manifest tool
configure:6807: mt '-?'
configure:6815: result: no
configure:7492: checking how to run the C preprocessor
configure:7523: gcc -E  conftest.c
configure:7523: $? = 0
configure:7537: gcc -E  conftest.c
conftest.c:11:28: fatal error: ac_nonexistent.h: No such file or directory
compilation terminated.
configure:7537: $? = 1
configure: failed program was:
| /* confdefs.h */
| #define PACKAGE_NAME ""
| #define PACKAGE_TARNAME ""
| #define PACKAGE_VERSION ""
| #define PACKAGE_STRING ""
| #define PACKAGE_BUGREPORT ""
| #define PACKAGE_URL ""
| #define PACKAGE "libtpm"
| #define VERSION "2.0"
| /* end confdefs.h.  */
| #include <ac_nonexistent.h>
configure:7562: result: gcc -E
configure:7582: gcc -E  conftest.c
configure:7582: $? = 0
configure:7596: gcc -E  conftest.c
conftest.c:11:28: fatal error: ac_nonexistent.h: No such file or directory
compilation terminated.
configure:7596: $? = 1
configure: failed program was:
| /* confdefs.h */
| #define PACKAGE_NAME ""
| #define PACKAGE_TARNAME ""
| #define PACKAGE_VERSION ""
| #define PACKAGE_STRING ""
| #define PACKAGE_BUGREPORT ""
| #define PACKAGE_URL ""
| #define PACKAGE "libtpm"
| #define VERSION "2.0"
| /* end confdefs.h.  */
| #include <ac_nonexistent.h>
configure:7625: checking for ANSI C header files
configure:7645: gcc -c -g -O2  conftest.c >&5
configure:7645: $? = 0
configure:7718: gcc -o conftest -g -O2   conftest.c  >&5
configure:7718: $? = 0
configure:7718: ./conftest
configure:7718: $? = 0
configure:7729: result: yes
configure:7742: checking for sys/types.h
configure:7742: gcc -c -g -O2  conftest.c >&5
configure:7742: $? = 0
configure:7742: result: yes
configure:7742: checking for sys/stat.h
configure:7742: gcc -c -g -O2  conftest.c >&5
configure:7742: $? = 0
configure:7742: result: yes
configure:7742: checking for stdlib.h
configure:7742: gcc -c -g -O2  conftest.c >&5
configure:7742: $? = 0
configure:7742: result: yes
configure:7742: checking for string.h
configure:7742: gcc -c -g -O2  conftest.c >&5
configure:7742: $? = 0
configure:7742: result: yes
configure:7742: checking for memory.h
configure:7742: gcc -c -g -O2  conftest.c >&5
configure:7742: $? = 0
configure:7742: result: yes
configure:7742: checking for strings.h
configure:7742: gcc -c -g -O2  conftest.c >&5
configure:7742: $? = 0
configure:7742: result: yes
configure:7742: checking for inttypes.h
configure:7742: gcc -c -g -O2  conftest.c >&5
configure:7742: $? = 0
configure:7742: result: yes
configure:7742: checking for stdint.h
configure:7742: gcc -c -g -O2  conftest.c >&5
configure:7742: $? = 0
configure:7742: result: yes
configure:7742: checking for unistd.h
configure:7742: gcc -c -g -O2  conftest.c >&5
configure:7742: $? = 0
configure:7742: result: yes
configure:7756: checking for dlfcn.h
configure:7756: gcc -c -g -O2  conftest.c >&5
configure:7756: $? = 0
configure:7756: result: yes
configure:8012: checking for objdir
configure:8027: result: .libs
configure:8291: checking if gcc supports -fno-rtti -fno-exceptions
configure:8309: gcc -c -g -O2  -fno-rtti -fno-exceptions conftest.c >&5
cc1: warning: command line option '-fno-rtti' is valid for C++/ObjC++ but not for C
configure:8313: $? = 0
configure:8326: result: no
configure:8684: checking for gcc option to produce PIC
configure:8691: result: -fPIC -DPIC
configure:8699: checking if gcc PIC flag -fPIC -DPIC works
configure:8717: gcc -c -g -O2  -fPIC -DPIC -DPIC conftest.c >&5
configure:8721: $? = 0
configure:8734: result: yes
configure:8763: checking if gcc static flag -static works
configure:8791: result: yes
configure:8806: checking if gcc supports -c -o file.o
configure:8827: gcc -c -g -O2  -o out/conftest2.o conftest.c >&5
configure:8831: $? = 0
configure:8853: result: yes
configure:8861: checking if gcc supports -c -o file.o
configure:8908: result: yes
configure:8941: checking whether the gcc linker (/usr/bin/ld -m elf_x86_64) supports shared libraries
configure:10204: result: yes
configure:10241: checking whether -lc should be explicitly linked in
configure:10249: gcc -c -g -O2  conftest.c >&5
configure:10252: $? = 0
configure:10267: gcc -shared  -fPIC -DPIC conftest.o  -v -Wl,-soname -Wl,conftest -o conftest 2\>\&1 \| /bin/grep  -lc  \>/dev/null 2\>\&1
configure:10270: $? = 0
configure:10284: result: no
configure:10444: checking dynamic linker characteristics
configure:11025: gcc -o conftest -g -O2   -Wl,-rpath -Wl,/foo conftest.c  >&5
configure:11025: $? = 0
configure:11274: result: GNU/Linux ld.so
configure:11396: checking how to hardcode library paths into programs
configure:11421: result: immediate
configure:11969: checking whether stripping libraries is possible
configure:11974: result: yes
configure:12009: checking if libtool supports shared libraries
configure:12011: result: yes
configure:12014: checking whether to build shared libraries
configure:12039: result: yes
configure:12042: checking whether to build static libraries
configure:12046: result: yes
configure:12090: checking whether to build for CCA
configure:12137: result: no
configure:12187: checking for the size of keys to support
configure:12201: result: 4096
configure:12207: checking whether to send messages to character device 
configure:12217: result: no
configure:12223: checking whether to send messages via UnixIO socket 
configure:12233: result: no
configure:12241: checking whether to enable virtual TPM support
configure:12251: result: no
configure:12257: checking whether to use serial port
configure:12268: result: no
configure:12287: checking for ANSI C header files
configure:12391: result: yes
configure:12402: checking fcntl.h usability
configure:12402: gcc -c -g -O2  conftest.c >&5
configure:12402: $? = 0
configure:12402: result: yes
configure:12402: checking fcntl.h presence
configure:12402: gcc -E  conftest.c
configure:12402: $? = 0
configure:12402: result: yes
configure:12402: checking for fcntl.h
configure:12402: result: yes
configure:12402: checking sys/ioctl.h usability
configure:12402: gcc -c -g -O2  conftest.c >&5
configure:12402: $? = 0
configure:12402: result: yes
configure:12402: checking sys/ioctl.h presence
configure:12402: gcc -E  conftest.c
configure:12402: $? = 0
configure:12402: result: yes
configure:12402: checking for sys/ioctl.h
configure:12402: result: yes
configure:12402: checking for unistd.h
configure:12402: result: yes
configure:12413: checking for an ANSI C-conforming const
configure:12479: gcc -c -g -O2  conftest.c >&5
configure:12479: $? = 0
configure:12486: result: yes
configure:12494: checking for size_t
configure:12494: gcc -c -g -O2  conftest.c >&5
configure:12494: $? = 0
configure:12494: gcc -c -g -O2  conftest.c >&5
conftest.c: In function 'main':
conftest.c:67:21: error: expected expression before ')' token
 if (sizeof ((size_t)))
                     ^
configure:12494: $? = 1
configure: failed program was:
| /* confdefs.h */
| #define PACKAGE_NAME ""
| #define PACKAGE_TARNAME ""
| #define PACKAGE_VERSION ""
| #define PACKAGE_STRING ""
| #define PACKAGE_BUGREPORT ""
| #define PACKAGE_URL ""
| #define PACKAGE "libtpm"
| #define VERSION "2.0"
| #define STDC_HEADERS 1
| #define HAVE_SYS_TYPES_H 1
| #define HAVE_SYS_STAT_H 1
| #define HAVE_STDLIB_H 1
| #define HAVE_STRING_H 1
| #define HAVE_MEMORY_H 1
| #define HAVE_STRINGS_H 1
| #define HAVE_INTTYPES_H 1
| #define HAVE_STDINT_H 1
| #define HAVE_UNISTD_H 1
| #define HAVE_DLFCN_H 1
| #define LT_OBJDIR ".libs/"
| #define TPM_POSIX 1
| #define TPM_NV_DISK 1
| #define X86 1
| #define TPM_MAXIMUM_KEY_SIZE 4096
| #define STDC_HEADERS 1
| #define HAVE_FCNTL_H 1
| #define HAVE_SYS_IOCTL_H 1
| #define HAVE_UNISTD_H 1
| /* end confdefs.h.  */
| #include <stdio.h>
| #ifdef HAVE_SYS_TYPES_H
| # include <sys/types.h>
| #endif
| #ifdef HAVE_SYS_STAT_H
| # include <sys/stat.h>
| #endif
| #ifdef STDC_HEADERS
| # include <stdlib.h>
| # include <stddef.h>
| #else
| # ifdef HAVE_STDLIB_H
| #  include <stdlib.h>
| # endif
| #endif
| #ifdef HAVE_STRING_H
| # if !defined STDC_HEADERS && defined HAVE_MEMORY_H
| #  include <memory.h>
| # endif
| # include <string.h>
| #endif
| #ifdef HAVE_STRINGS_H
| # include <strings.h>
| #endif
| #ifdef HAVE_INTTYPES_H
| # include <inttypes.h>
| #endif
| #ifdef HAVE_STDINT_H
| # include <stdint.h>
| #endif
| #ifdef HAVE_UNISTD_H
| # include <unistd.h>
| #endif
| int
| main ()
| {
| if (sizeof ((size_t)))
| 	    return 0;
|   ;
|   return 0;
| }
configure:12494: result: yes
configure:12507: checking whether gcc needs -traditional
configure:12541: result: no
configure:12548: checking for working memcmp
configure:12591: gcc -o conftest -g -O2   conftest.c  >&5
configure:12591: $? = 0
configure:12591: ./conftest
configure:12591: $? = 0
configure:12601: result: yes
configure:12610: checking for HMAC_CTX_cleanup in -lcrypto
configure:12635: gcc -o conftest -g -O2   conftest.c -lcrypto   >&5
configure:12635: $? = 0
configure:12644: result: yes
configure:12832: checking that generated files are newer than configure
configure:12838: result: done
configure:12869: creating ./config.status

## ---------------------- ##
## Running config.status. ##
## ---------------------- ##

This file was extended by config.status, which was
generated by GNU Autoconf 2.69.  Invocation command line was

  CONFIG_FILES    = 
  CONFIG_HEADERS  = 
  CONFIG_LINKS    = 
  CONFIG_COMMANDS = 
  $ ./config.status 

on adas-wsl

config.status:1024: creating Makefile
config.status:1024: creating lib/Makefile
config.status:1024: creating utils/Makefile
config.status:1196: executing depfiles commands
config.status:1196: executing libtool commands
configure:14828: -------------------------------
configure:14832: max. key size: 4096 (in client lib.)
configure:14836: def.transport: TCP/IP (change with TPM_DEVICE env. var.)
configure:14849:       libtpms: no

## ---------------- ##
## Cache variables. ##
## ---------------- ##

ac_cv_build=x86_64-pc-linux-gnu
ac_cv_c_compiler_gnu=yes
ac_cv_c_const=yes
ac_cv_env_CC_set=
ac_cv_env_CC_value=
ac_cv_env_CFLAGS_set=
ac_cv_env_CFLAGS_value=
ac_cv_env_CPPFLAGS_set=
ac_cv_env_CPPFLAGS_value=
ac_cv_env_CPP_set=
ac_cv_env_CPP_value=
ac_cv_env_LDFLAGS_set=
ac_cv_env_LDFLAGS_value=
ac_cv_env_LIBS_set=
ac_cv_env_LIBS_value=
ac_cv_env_LT_SYS_LIBRARY_PATH_set=
ac_cv_env_LT_SYS_LIBRARY_PATH_value=
ac_cv_env_build_alias_set=
ac_cv_env_build_alias_value=
ac_cv_env_host_alias_set=
ac_cv_env_host_alias_value=
ac_cv_env_target_alias_set=
ac_cv_env_target_alias_value=
ac_cv_func_memcmp_working=yes
ac_cv_header_dlfcn_h=yes
ac_cv_header_fcntl_h=yes
ac_cv_header_inttypes_h=yes
ac_cv_header_memory_h=yes
ac_cv_header_stdc=yes
ac_cv_header_stdint_h=yes
ac_cv_header_stdlib_h=yes
ac_cv_header_string_h=yes
ac_cv_header_strings_h=yes
ac_cv_header_sys_ioctl_h=yes
ac_cv_header_sys_stat_h=yes
ac_cv_header_sys_types_h=yes
ac_cv_header_unistd_h=yes
ac_cv_host=x86_64-pc-linux-gnu
ac_cv_lib_crypto_HMAC_CTX_cleanup=yes
ac_cv_objext=o
ac_cv_path_EGREP='/bin/grep -E'
ac_cv_path_FGREP='/bin/grep -F'
ac_cv_path_GREP=/bin/grep
ac_cv_path_SED=/bin/sed
ac_cv_path_install='/usr/bin/install -c'
ac_cv_path_lt_DD=/bin/dd
ac_cv_path_mkdir=/bin/mkdir
ac_cv_prog_AWK=mawk
ac_cv_prog_CPP='gcc -E'
ac_cv_prog_ac_ct_AR=ar
ac_cv_prog_ac_ct_CC=gcc
ac_cv_prog_ac_ct_MANIFEST_TOOL=mt
ac_cv_prog_ac_ct_OBJDUMP=objdump
ac_cv_prog_ac_ct_RANLIB=ranlib
ac_cv_prog_ac_ct_STRIP=strip
ac_cv_prog_cc_c89=
ac_cv_prog_cc_g=yes
ac_cv_prog_gcc_traditional=no
ac_cv_prog_make_make_set=yes
ac_cv_type_size_t=yes
am_cv_CC_dependencies_compiler_type=gcc3
am_cv_make_support_nested_variables=yes
am_cv_prog_cc_c_o=yes
lt_cv_ar_at_file=@
lt_cv_archive_cmds_need_lc=no
lt_cv_deplibs_check_method=pass_all
lt_cv_file_magic_cmd='$MAGIC_CMD'
lt_cv_file_magic_test_file=
lt_cv_ld_reload_flag=-r
lt_cv_nm_interface='BSD nm'
lt_cv_objdir=.libs
lt_cv_path_LD=/usr/bin/ld
lt_cv_path_NM='/usr/bin/nm -B'
lt_cv_path_mainfest_tool=no
lt_cv_prog_compiler_c_o=yes
lt_cv_prog_compiler_pic='-fPIC -DPIC'
lt_cv_prog_compiler_pic_works=yes
lt_cv_prog_compiler_rtti_exceptions=no
lt_cv_prog_compiler_static_works=yes
lt_cv_prog_gnu_ld=yes
lt_cv_sharedlib_from_linklib_cmd='printf %s\n'
lt_cv_shlibpath_overrides_runpath=no
lt_cv_sys_global_symbol_pipe='sed -n -e '\''s/^.*[	 ]\([ABCDGIRSTW][ABCDGIRSTW]*\)[	 ][	 ]*\([_A-Za-z][_A-Za-z0-9]*\)$/\1 \2 \2/p'\'' | sed '\''/ __gnu_lto/d'\'''
lt_cv_sys_global_symbol_to_c_name_address='sed -n -e '\''s/^: \(.*\) .*$/  {"\1", (void *) 0},/p'\'' -e '\''s/^[ABCDGIRSTW][ABCDGIRSTW]* .* \(.*\)$/  {"\1", (void *) \&\1},/p'\'''
lt_cv_sys_global_symbol_to_c_name_address_lib_prefix='sed -n -e '\''s/^: \(.*\) .*$/  {"\1", (void *) 0},/p'\'' -e '\''s/^[ABCDGIRSTW][ABCDGIRSTW]* .* \(lib.*\)$/  {"\1", (void *) \&\1},/p'\'' -e '\''s/^[ABCDGIRSTW][ABCDGIRSTW]* .* \(.*\)$/  {"lib\1", (void *) \&\1},/p'\'''
lt_cv_sys_global_symbol_to_cdecl='sed -n -e '\''s/^T .* \(.*\)$/extern int \1();/p'\'' -e '\''s/^[ABCDGIRSTW][ABCDGIRSTW]* .* \(.*\)$/extern char \1;/p'\'''
lt_cv_sys_global_symbol_to_import=
lt_cv_sys_max_cmd_len=1572864
lt_cv_to_host_file_cmd=func_convert_file_noop
lt_cv_to_tool_file_cmd=func_convert_file_noop
lt_cv_truncate_bin='/bin/dd bs=4096 count=1'

## ----------------- ##
## Output variables. ##
## ----------------- ##

ACLOCAL='${SHELL} /home/a.das/Projects/SWTpm/libtpm/missing aclocal-1.15'
AMDEPBACKSLASH='\'
AMDEP_FALSE='#'
AMDEP_TRUE=''
AMTAR='$${TAR-tar}'
AM_BACKSLASH='\'
AM_DEFAULT_V='$(AM_DEFAULT_VERBOSITY)'
AM_DEFAULT_VERBOSITY='1'
AM_V='$(V)'
AR='ar'
AUTOCONF='${SHELL} /home/a.das/Projects/SWTpm/libtpm/missing autoconf'
AUTOHEADER='${SHELL} /home/a.das/Projects/SWTpm/libtpm/missing autoheader'
AUTOMAKE='${SHELL} /home/a.das/Projects/SWTpm/libtpm/missing automake-1.15'
AWK='mawk'
CC='gcc'
CCDEPMODE='depmode=gcc3'
CFLAGS='-g -O2'
CPP='gcc -E'
CPPFLAGS=''
CYGPATH_W='echo'
DEFS='-DPACKAGE_NAME=\"\" -DPACKAGE_TARNAME=\"\" -DPACKAGE_VERSION=\"\" -DPACKAGE_STRING=\"\" -DPACKAGE_BUGREPORT=\"\" -DPACKAGE_URL=\"\" -DPACKAGE=\"libtpm\" -DVERSION=\"2.0\" -DSTDC_HEADERS=1 -DHAVE_SYS_TYPES_H=1 -DHAVE_SYS_STAT_H=1 -DHAVE_STDLIB_H=1 -DHAVE_STRING_H=1 -DHAVE_MEMORY_H=1 -DHAVE_STRINGS_H=1 -DHAVE_INTTYPES_H=1 -DHAVE_STDINT_H=1 -DHAVE_UNISTD_H=1 -DHAVE_DLFCN_H=1 -DLT_OBJDIR=\".libs/\" -DTPM_POSIX=1 -DTPM_NV_DISK=1 -DX86=1 -DTPM_MAXIMUM_KEY_SIZE=4096 -DSTDC_HEADERS=1 -DHAVE_FCNTL_H=1 -DHAVE_SYS_IOCTL_H=1 -DHAVE_UNISTD_H=1 -DHAVE_HMAC_CTX_CLEANUP=1 -DTPM_V12=1 -DTPM_AES=1 -DTPM_USE_TAG_IN_STRUCTURE=1'
DEPDIR='.deps'
DLLTOOL='false'
DSYMUTIL=''
DUMPBIN=''
ECHO_C=''
ECHO_N='-n'
ECHO_T=''
EGREP='/bin/grep -E'
EXEEXT=''
FGREP='/bin/grep -F'
GREP='/bin/grep'
INCLUDES=''
INSTALL_DATA='${INSTALL} -m 644'
INSTALL_PROGRAM='${INSTALL}'
INSTALL_SCRIPT='${INSTALL}'
INSTALL_STRIP_PROGRAM='$(install_sh) -c -s'
LD='/usr/bin/ld -m elf_x86_64'
LDFLAGS=''
LIBOBJS=''
LIBS=''
LIBTOOL='$(SHELL) $(top_builddir)/libtool'
LIBTOOL_DEPS='./ltmain.sh'
LIBTPMS_AVAILABLE=''
LIBTPMS_AVAILABLE_FALSE=''
LIBTPMS_AVAILABLE_TRUE='#'
LIBTPMS_LIBRARY=''
LIBTPMS_LIBRARY_PATH=''
LIPO=''
LN_S='ln -s'
LTLIBOBJS=''
LT_SYS_LIBRARY_PATH=''
MAKEINFO='${SHELL} /home/a.das/Projects/SWTpm/libtpm/missing makeinfo'
MANIFEST_TOOL=':'
MKDIR_P='/bin/mkdir -p'
NM='/usr/bin/nm -B'
NMEDIT=''
OBJDUMP='objdump'
OBJEXT='o'
OTOOL64=''
OTOOL=''
PACKAGE='libtpm'
PACKAGE_BUGREPORT=''
PACKAGE_NAME=''
PACKAGE_STRING=''
PACKAGE_TARNAME=''
PACKAGE_URL=''
PACKAGE_VERSION=''
PATH_SEPARATOR=':'
RANLIB='ranlib'
SED='/bin/sed'
SET_MAKE=''
SHELL='/bin/bash'
STATIC_LINKING_FLAG=''
STRIP='strip'
TPM_MAXIMUM_KEY_SIZE=''
UDXTK_LD_LIBS=''
UDXTK_LD_PATHS=''
VERSION='2.0'
VTPM_TOOLS=''
VTPM_TOOLS_FALSE=''
VTPM_TOOLS_TRUE='#'
ac_ct_AR='ar'
ac_ct_CC='gcc'
ac_ct_DUMPBIN=''
am__EXEEXT_FALSE=''
am__EXEEXT_TRUE='#'
am__fastdepCC_FALSE='#'
am__fastdepCC_TRUE=''
am__include='include'
am__isrc=''
am__leading_dot='.'
am__nodep='_no'
am__quote=''
am__tar='$${TAR-tar} chof - "$$tardir"'
am__untar='$${TAR-tar} xf -'
bindir='${exec_prefix}/bin'
build='x86_64-pc-linux-gnu'
build_alias=''
build_cpu='x86_64'
build_os='linux-gnu'
build_vendor='pc'
datadir='${datarootdir}'
datarootdir='${prefix}/share'
docdir='${datarootdir}/doc/${PACKAGE}'
dvidir='${docdir}'
exec_prefix='${prefix}'
host='x86_64-pc-linux-gnu'
host_alias=''
host_cpu='x86_64'
host_os='linux-gnu'
host_vendor='pc'
htmldir='${docdir}'
includedir='${prefix}/include'
infodir='${datarootdir}/info'
install_sh='${SHELL} /home/a.das/Projects/SWTpm/libtpm/install-sh'
libdir='${exec_prefix}/lib'
libexecdir='${exec_prefix}/libexec'
localedir='${datarootdir}/locale'
localstatedir='${prefix}/var'
mandir='${datarootdir}/man'
mkdir_p='$(MKDIR_P)'
oldincludedir='/usr/include'
pdfdir='${docdir}'
prefix='/home/a.das/Projects/build/swtpm'
program_transform_name='s,x,x,'
psdir='${docdir}'
runstatedir='${localstatedir}/run'
sbindir='${exec_prefix}/sbin'
sharedstatedir='${prefix}/com'
sysconfdir='${prefix}/etc'
target_alias=''

## ----------- ##
## confdefs.h. ##
## ----------- ##

/* confdefs.h */
#define PACKAGE_NAME ""
#define PACKAGE_TARNAME ""
#define PACKAGE_VERSION ""
#define PACKAGE_STRING ""
#define PACKAGE_BUGREPORT ""
#define PACKAGE_URL ""
#define PACKAGE "libtpm"
#define VERSION "2.0"
#define STDC_HEADERS 1
#define HAVE_SYS_TYPES_H 1
#define HAVE_SYS_STAT_H 1
#define HAVE_STDLIB_H 1
#define HAVE_STRING_H 1
#define HAVE_MEMORY_H 1
#define HAVE_STRINGS_H 1
#define HAVE_INTTYPES_H 1
#define HAVE_STDINT_H 1
#define HAVE_UNISTD_H 1
#define HAVE_DLFCN_H 1
#define LT_OBJDIR ".libs/"
#define TPM_POSIX 1
#define TPM_NV_DISK 1
#define X86 1
#define TPM_MAXIMUM_KEY_SIZE 4096
#define STDC_HEADERS 1
#define HAVE_FCNTL_H 1
#define HAVE_SYS_IOCTL_H 1
#define HAVE_UNISTD_H 1
#define HAVE_HMAC_CTX_CLEANUP 1
#define TPM_V12 1
#define TPM_AES 1
#define TPM_USE_TAG_IN_STRUCTURE 1

configure: exit 0
